  AGameObject.cpp
D:\Programming\c++\GDENG-2\GDENG-2_Engine\Libs\ReactPhysics3D\include\reactphysics3d\collision\ContactManifold.h(37,26): warning C4099: 'reactphysics3d::ContactManifoldInfo': type name first seen using 'struct' now seen using 'class'
D:\Programming\c++\GDENG-2\GDENG-2_Engine\Libs\ReactPhysics3D\include\reactphysics3d\collision\ContactManifoldInfo.h(42,8): message : see declaration of 'reactphysics3d::ContactManifoldInfo'
D:\Programming\c++\GDENG-2\GDENG-2_Engine\Libs\ReactPhysics3D\include\reactphysics3d\collision\narrowphase\NarrowPhaseInfoBatch.h(38,26): warning C4099: 'reactphysics3d::ContactManifoldInfo': type name first seen using 'struct' now seen using 'class'
D:\Programming\c++\GDENG-2\GDENG-2_Engine\Libs\ReactPhysics3D\include\reactphysics3d\collision\ContactManifold.h(37,7): message : see declaration of 'reactphysics3d::ContactManifoldInfo'
D:\Programming\c++\GDENG-2\GDENG-2_Engine\Libs\ReactPhysics3D\include\reactphysics3d\collision\narrowphase\NarrowPhaseAlgorithm.h(36,26): warning C4099: 'reactphysics3d::ContactManifoldInfo': type name first seen using 'struct' now seen using 'class'
D:\Programming\c++\GDENG-2\GDENG-2_Engine\Libs\ReactPhysics3D\include\reactphysics3d\collision\narrowphase\NarrowPhaseInfoBatch.h(38,7): message : see declaration of 'reactphysics3d::ContactManifoldInfo'
D:\Programming\c++\GDENG-2\GDENG-2_Engine\Libs\ReactPhysics3D\include\reactphysics3d\collision\shapes\HeightFieldShape.h(197,104): warning C4244: 'return': conversion from 'double' to 'reactphysics3d::decimal', possible loss of data
D:\Programming\c++\GDENG-2\GDENG-2_Engine\Libs\ReactPhysics3D\include\reactphysics3d\collision\shapes\HeightFieldShape.h(205,19): warning C4244: 'return': conversion from 'reactphysics3d::decimal' to 'int', possible loss of data
D:\Programming\c++\GDENG-2\GDENG-2_Engine\Matrix4x4.h(221,43): warning C4244: '=': conversion from 'double' to 'float', possible loss of data
D:\Programming\c++\GDENG-2\GDENG-2_Engine\Matrix4x4.h(222,43): warning C4244: '=': conversion from 'double' to 'float', possible loss of data
D:\Programming\c++\GDENG-2\GDENG-2_Engine\Matrix4x4.h(223,43): warning C4244: '=': conversion from 'double' to 'float', possible loss of data
D:\Programming\c++\GDENG-2\GDENG-2_Engine\Matrix4x4.h(224,43): warning C4244: '=': conversion from 'double' to 'float', possible loss of data
D:\Programming\c++\GDENG-2\GDENG-2_Engine\AGameObject.cpp(124,20): warning C4018: '<': signed/unsigned mismatch
D:\Programming\c++\GDENG-2\GDENG-2_Engine\AGameObject.cpp(137,20): warning C4018: '<': signed/unsigned mismatch
D:\Programming\c++\GDENG-2\GDENG-2_Engine\AGameObject.cpp(150,21): warning C4018: '<': signed/unsigned mismatch
D:\Programming\c++\GDENG-2\GDENG-2_Engine\AGameObject.cpp(158,21): warning C4018: '<': signed/unsigned mismatch
D:\Programming\c++\GDENG-2\GDENG-2_Engine\AGameObject.cpp(171,20): warning C4018: '<': signed/unsigned mismatch
D:\Programming\c++\GDENG-2\GDENG-2_Engine\AGameObject.cpp(183,20): warning C4018: '<': signed/unsigned mismatch
  Window.cpp
D:\Programming\c++\GDENG-2\GDENG-2_Engine\Window.h(2,1): warning C4005: 'NOMINMAX': macro redefinition
D:\Programming\c++\GDENG-2\GDENG-2_Engine\Window.h(2,1): message : 'NOMINMAX' previously declared on the command line
  Generating Code...
PhysicsComponent.obj : error LNK2019: unresolved external symbol "public: __thiscall reactphysics3d::Quaternion::Quaternion(struct reactphysics3d::Quaternion const &)" (??0Quaternion@reactphysics3d@@QAE@ABU01@@Z) referenced in function "public: __thiscall reactphysics3d::Transform::Transform(class reactphysics3d::Transform const &)" (??0Transform@reactphysics3d@@QAE@ABV01@@Z)
PhysicsComponent.obj : error LNK2019: unresolved external symbol "public: void __thiscall reactphysics3d::Transform::setFromOpenGL(float *)" (?setFromOpenGL@Transform@reactphysics3d@@QAEXPAM@Z) referenced in function "public: void __thiscall PhysicsComponent::UpdateRigidBody(void)" (?UpdateRigidBody@PhysicsComponent@@QAEXXZ)
PhysicsComponent.obj : error LNK2019: unresolved external symbol "public: void __thiscall reactphysics3d::Transform::getOpenGLMatrix(float *)const " (?getOpenGLMatrix@Transform@reactphysics3d@@QBEXPAM@Z) referenced in function "public: virtual void __thiscall PhysicsComponent::Perform(float)" (?Perform@PhysicsComponent@@UAEXM@Z)
PhysicsComponent.obj : error LNK2019: unresolved external symbol "public: class reactphysics3d::Transform const & __thiscall reactphysics3d::CollisionBody::getTransform(void)const " (?getTransform@CollisionBody@reactphysics3d@@QBEABVTransform@2@XZ) referenced in function "public: virtual void __thiscall PhysicsComponent::Perform(float)" (?Perform@PhysicsComponent@@UAEXM@Z)
PhysicsComponent.obj : error LNK2019: unresolved external symbol "public: void __thiscall reactphysics3d::RigidBody::setMass(float)" (?setMass@RigidBody@reactphysics3d@@QAEXM@Z) referenced in function "public: void __thiscall PhysicsComponent::UpdateRigidBody(void)" (?UpdateRigidBody@PhysicsComponent@@QAEXXZ)
PhysicsComponent.obj : error LNK2019: unresolved external symbol "public: void __thiscall reactphysics3d::RigidBody::updateMassPropertiesFromColliders(void)" (?updateMassPropertiesFromColliders@RigidBody@reactphysics3d@@QAEXXZ) referenced in function "public: void __thiscall PhysicsComponent::UpdateRigidBody(void)" (?UpdateRigidBody@PhysicsComponent@@QAEXXZ)
PhysicsComponent.obj : error LNK2019: unresolved external symbol "public: void __thiscall reactphysics3d::RigidBody::setType(enum reactphysics3d::BodyType)" (?setType@RigidBody@reactphysics3d@@QAEXW4BodyType@2@@Z) referenced in function "public: void __thiscall PhysicsComponent::UpdateRigidBody(void)" (?UpdateRigidBody@PhysicsComponent@@QAEXXZ)
PhysicsComponent.obj : error LNK2019: unresolved external symbol "public: class reactphysics3d::RigidBody * __thiscall reactphysics3d::PhysicsWorld::createRigidBody(class reactphysics3d::Transform const &)" (?createRigidBody@PhysicsWorld@reactphysics3d@@QAEPAVRigidBody@2@ABVTransform@2@@Z) referenced in function "public: void __thiscall PhysicsComponent::UpdateRigidBody(void)" (?UpdateRigidBody@PhysicsComponent@@QAEXXZ)
PhysicsComponent.obj : error LNK2019: unresolved external symbol "public: class reactphysics3d::BoxShape * __thiscall reactphysics3d::PhysicsCommon::createBoxShape(struct reactphysics3d::Vector3 const &)" (?createBoxShape@PhysicsCommon@reactphysics3d@@QAEPAVBoxShape@2@ABUVector3@2@@Z) referenced in function "public: void __thiscall PhysicsComponent::UpdateRigidBody(void)" (?UpdateRigidBody@PhysicsComponent@@QAEXXZ)
PhysicsSystem.obj : error LNK2019: unresolved external symbol "public: void __thiscall reactphysics3d::PhysicsWorld::update(float)" (?update@PhysicsWorld@reactphysics3d@@QAEXM@Z) referenced in function "public: void __thiscall PhysicsSystem::UpdateAllComponents(void)" (?UpdateAllComponents@PhysicsSystem@@QAEXXZ)
PhysicsSystem.obj : error LNK2019: unresolved external symbol "public: __thiscall reactphysics3d::PhysicsCommon::PhysicsCommon(class reactphysics3d::MemoryAllocator *)" (??0PhysicsCommon@reactphysics3d@@QAE@PAVMemoryAllocator@1@@Z) referenced in function "public: __thiscall PhysicsSystem::PhysicsSystem(void)" (??0PhysicsSystem@@QAE@XZ)
PhysicsSystem.obj : error LNK2019: unresolved external symbol "public: __thiscall reactphysics3d::PhysicsCommon::~PhysicsCommon(void)" (??1PhysicsCommon@reactphysics3d@@QAE@XZ) referenced in function "public: void * __thiscall reactphysics3d::PhysicsCommon::`scalar deleting destructor'(unsigned int)" (??_GPhysicsCommon@reactphysics3d@@QAEPAXI@Z)
PhysicsSystem.obj : error LNK2019: unresolved external symbol "public: class reactphysics3d::PhysicsWorld * __thiscall reactphysics3d::PhysicsCommon::createPhysicsWorld(struct reactphysics3d::PhysicsWorld::WorldSettings const &)" (?createPhysicsWorld@PhysicsCommon@reactphysics3d@@QAEPAVPhysicsWorld@2@ABUWorldSettings@32@@Z) referenced in function "public: __thiscall PhysicsSystem::PhysicsSystem(void)" (??0PhysicsSystem@@QAE@XZ)
..\GDENG-2_Engine\Libs\ReactPhysics3D\reactphysics3d.lib : warning LNK4272: library machine type 'x64' conflicts with target machine type 'x86'
D:\Programming\c++\GDENG-2\GDENG-2_Engine\Debug\GDENG-2_Engine.exe : fatal error LNK1120: 13 unresolved externals
